<?xml version="1.0" encoding="UTF-8"?>
<!-- Generated by org.testng.reporters.JUnitXMLReporter -->
<testsuite ignored="0" hostname="COMV-8584.local" failures="1" tests="1" name="Default test" time="224.733" errors="0" timestamp="2025-04-03T18:25:08 IST">
  <testcase classname="io.cucumber.testng.AbstractTestNGCucumberTests" name="runScenario" time="223.914">
    <failure type="org.openqa.selenium.ElementClickInterceptedException" message="element click intercepted: Element &amp;lt;a class=&amp;quot;name&amp;quot; href=&amp;quot;/skin/skin-supplements/c/24046&amp;quot;&amp;gt;...&amp;lt;/a&amp;gt; is not clickable at point (281, 182). Other element would receive the click: &amp;lt;li class=&amp;quot;last-list css-hnjjmz&amp;quot;&amp;gt;...&amp;lt;/li&amp;gt;
  (Session info: chrome=134.0.6998.166)
Build info: version: &amp;apos;4.14.1&amp;apos;, revision: &amp;apos;03f8ede370&amp;apos;
System info: os.name: &amp;apos;Mac OS X&amp;apos;, os.arch: &amp;apos;x86_64&amp;apos;, os.version: &amp;apos;14.5&amp;apos;, java.version: &amp;apos;18.0.2.1&amp;apos;
Driver info: org.openqa.selenium.chrome.ChromeDriver
Command: [45b61b7e805b604f41d339087e56ba43, clickElement {id=f.75146D2E489814E977861086B68B5F1E.d.5338BDD6BC6097CFC560CC17C2603BD0.e.84}]
Capabilities {acceptInsecureCerts: false, browserName: chrome, browserVersion: 134.0.6998.166, chrome: {chromedriverVersion: 134.0.6998.165 (fd886e2cb29..., userDataDir: /var/folders/tp/ykzmmtr97zn...}, fedcm:accounts: true, goog:chromeOptions: {debuggerAddress: localhost:56686}, networkConnectionEnabled: false, pageLoadStrategy: normal, platformName: mac, proxy: Proxy(), se:cdp: ws://localhost:56686/devtoo..., se:cdpVersion: 134.0.6998.166, setWindowRect: true, strictFileInteractability: false, timeouts: {implicit: 0, pageLoad: 300000, script: 30000}, unhandledPromptBehavior: dismiss and notify, webauthn:extension:credBlob: true, webauthn:extension:largeBlob: true, webauthn:extension:minPinLength: true, webauthn:extension:prf: true, webauthn:virtualAuthenticators: true}
Element: [[ChromeDriver: chrome on mac (45b61b7e805b604f41d339087e56ba43)] -&amp;gt; xpath: //*[text()=&amp;apos;Skin Supplements&amp;apos;]]
Session ID: 45b61b7e805b604f41d339087e56ba43">
      <![CDATA[org.openqa.selenium.ElementClickInterceptedException: element click intercepted: Element <a class="name" href="/skin/skin-supplements/c/24046">...</a> is not clickable at point (281, 182). Other element would receive the click: <li class="last-list css-hnjjmz">...</li>
  (Session info: chrome=134.0.6998.166)
Build info: version: '4.14.1', revision: '03f8ede370'
System info: os.name: 'Mac OS X', os.arch: 'x86_64', os.version: '14.5', java.version: '18.0.2.1'
Driver info: org.openqa.selenium.chrome.ChromeDriver
Command: [45b61b7e805b604f41d339087e56ba43, clickElement {id=f.75146D2E489814E977861086B68B5F1E.d.5338BDD6BC6097CFC560CC17C2603BD0.e.84}]
Capabilities {acceptInsecureCerts: false, browserName: chrome, browserVersion: 134.0.6998.166, chrome: {chromedriverVersion: 134.0.6998.165 (fd886e2cb29..., userDataDir: /var/folders/tp/ykzmmtr97zn...}, fedcm:accounts: true, goog:chromeOptions: {debuggerAddress: localhost:56686}, networkConnectionEnabled: false, pageLoadStrategy: normal, platformName: mac, proxy: Proxy(), se:cdp: ws://localhost:56686/devtoo..., se:cdpVersion: 134.0.6998.166, setWindowRect: true, strictFileInteractability: false, timeouts: {implicit: 0, pageLoad: 300000, script: 30000}, unhandledPromptBehavior: dismiss and notify, webauthn:extension:credBlob: true, webauthn:extension:largeBlob: true, webauthn:extension:minPinLength: true, webauthn:extension:prf: true, webauthn:virtualAuthenticators: true}
Element: [[ChromeDriver: chrome on mac (45b61b7e805b604f41d339087e56ba43)] -> xpath: //*[text()='Skin Supplements']]
Session ID: 45b61b7e805b604f41d339087e56ba43
at java.base/jdk.internal.reflect.DirectConstructorHandleAccessor.newInstance(DirectConstructorHandleAccessor.java:67)
at java.base/java.lang.reflect.Constructor.newInstanceWithCaller(Constructor.java:499)
at java.base/java.lang.reflect.Constructor.newInstance(Constructor.java:483)
at org.openqa.selenium.remote.codec.w3c.W3CHttpResponseCodec.createException(W3CHttpResponseCodec.java:200)
at org.openqa.selenium.remote.codec.w3c.W3CHttpResponseCodec.decode(W3CHttpResponseCodec.java:133)
at org.openqa.selenium.remote.codec.w3c.W3CHttpResponseCodec.decode(W3CHttpResponseCodec.java:52)
at org.openqa.selenium.remote.HttpCommandExecutor.execute(HttpCommandExecutor.java:191)
at org.openqa.selenium.remote.service.DriverCommandExecutor.invokeExecute(DriverCommandExecutor.java:200)
at org.openqa.selenium.remote.service.DriverCommandExecutor.execute(DriverCommandExecutor.java:175)
at org.openqa.selenium.remote.RemoteWebDriver.execute(RemoteWebDriver.java:602)
at org.openqa.selenium.remote.RemoteWebElement.execute(RemoteWebElement.java:224)
at org.openqa.selenium.remote.RemoteWebElement.click(RemoteWebElement.java:77)
at stepDefinations.NykaaSteps.user_selects_a_product_and_adds_it_to_the_cart(NykaaSteps.java:51)
at âœ½.User selects a product and adds it to the cart(file:///Users/rajalaxmipati/Documents/Others/BDD_Framework_Test/src/test/resources/features/Nykaa.feature:6)
]]>
    </failure>
  </testcase> <!-- runScenario -->
</testsuite> <!-- Default test -->
